#
# There is insufficient memory for the Java Runtime Environment to continue.
# Native memory allocation (malloc) failed to allocate 1048576 bytes for AllocateHeap
# Possible reasons:
#   The system is out of physical RAM or swap space
#   The process is running with CompressedOops enabled, and the Java Heap may be blocking the growth of the native heap
# Possible solutions:
#   Reduce memory load on the system
#   Increase physical memory or swap space
#   Check if swap backing store is full
#   Decrease Java heap size (-Xmx/-Xms)
#   Decrease number of Java threads
#   Decrease Java thread stack sizes (-Xss)
#   Set larger code cache with -XX:ReservedCodeCacheSize=
#   JVM is running with Unscaled Compressed Oops mode in which the Java heap is
#     placed in the first 4GB address space. The Java Heap base address is the
#     maximum limit for the native heap growth. Please use -XX:HeapBaseMinAddress
#     to set the Java Heap base and to place the Java Heap above 4GB virtual address.
# This output file may be truncated or incomplete.
#
#  Out of Memory Error (./open/src/hotspot/share/memory/allocation.cpp:46), pid=16348, tid=14492
#
# JRE version:  (11.0.15+8) (build )
# Java VM: Java HotSpot(TM) 64-Bit Server VM (11.0.15+8-LTS-149, mixed mode, sharing, tiered, compressed oops, g1 gc, windows-amd64)
# No core dump will be written. Minidumps are not enabled by default on client versions of Windows
#

---------------  S U M M A R Y ------------

Command Line: -Dfile.encoding=UTF-8 --module-path=C:\oraclexe\app\oracle\product\11.2.0\server\jdbc\lib\ojdbc6.jar;C:\Dev\eclipse\lombok.jar exe.ExpApp

Host: Intel(R) Core(TM) i7-10700 CPU @ 2.90GHz, 16 cores, 15G,  Windows 10 , 64 bit Build 19041 (10.0.19041.1806)
Time: Wed Aug 10 17:26:21 2022 대한민국 표준시 elapsed time: 0.007238 seconds (0d 0h 0m 0s)

---------------  T H R E A D  ---------------

Current thread (0x0000017c4b572800):  JavaThread "Unknown thread" [_thread_in_vm, id=14492, stack(0x0000004869900000,0x0000004869a00000)]

Stack: [0x0000004869900000,0x0000004869a00000]
Native frames: (J=compiled Java code, j=interpreted, Vv=VM code, C=native code)
V  [jvm.dll+0x629d8a]
V  [jvm.dll+0x7638ff]
V  [jvm.dll+0x764fa9]
V  [jvm.dll+0x765633]
V  [jvm.dll+0x23d9c8]
V  [jvm.dll+0xb1494]
V  [jvm.dll+0x2cbce8]
V  [jvm.dll+0x73def7]
V  [jvm.dll+0x73f79f]
V  [jvm.dll+0x346ab9]
V  [jvm.dll+0x723810]
V  [jvm.dll+0x3b56cf]
V  [jvm.dll+0x3b77e1]
C  [jli.dll+0x5207]
C  [ucrtbase.dll+0x21bb2]
C  [KERNEL32.DLL+0x17034]
C  [ntdll.dll+0x52651]


---------------  P R O C E S S  ---------------

Threads class SMR info:
_java_thread_list=0x0000017c49a611b0, length=0, elements={
}

Java Threads: ( => current thread )

Other Threads:

=>0x0000017c4b572800 (exited) JavaThread "Unknown thread" [_thread_in_vm, id=14492, stack(0x0000004869900000,0x0000004869a00000)]

Threads with active compile tasks:

VM state:not at safepoint (not fully initialized)

VM Mutex/Monitor currently owned by a thread: None


[error occurred during error reporting (printing compressed oops mode), id 0xc0000005, EXCEPTION_ACCESS_VIOLATION (0xc0000005) at pc=0x00007fff3600ede7]

GC Heap History (0 events):
No events

Deoptimization events (0 events):
No events

Classes redefined (0 events):
No events

Internal exceptions (0 events):
No events

Events (0 events):
No events


Dynamic libraries:
0x00007ff657060000 - 0x00007ff65706f000 	C:\Program Files\Java\jdk-11.0.15\bin\javaw.exe
0x00007fff6d1f0000 - 0x00007fff6d3e8000 	C:\Windows\SYSTEM32\ntdll.dll
0x00007fff6cd60000 - 0x00007fff6ce1d000 	C:\Windows\System32\KERNEL32.DLL
0x00007fff6ab50000 - 0x00007fff6ae1e000 	C:\Windows\System32\KERNELBASE.dll
0x00007fff6b150000 - 0x00007fff6b250000 	C:\Windows\System32\ucrtbase.dll
0x00007fff44310000 - 0x00007fff44325000 	C:\Program Files\Java\jdk-11.0.15\bin\VCRUNTIME140.dll
0x00007fff45e20000 - 0x00007fff45e38000 	C:\Program Files\Java\jdk-11.0.15\bin\jli.dll
0x00007fff6cf50000 - 0x00007fff6cffe000 	C:\Windows\System32\ADVAPI32.dll
0x00007fff6b7d0000 - 0x00007fff6b86e000 	C:\Windows\System32\msvcrt.dll
0x00007fff6b9c0000 - 0x00007fff6ba5c000 	C:\Windows\System32\sechost.dll
0x00007fff6b5c0000 - 0x00007fff6b6e5000 	C:\Windows\System32\RPCRT4.dll
0x00007fff6cbc0000 - 0x00007fff6cd60000 	C:\Windows\System32\USER32.dll
0x00007fff6a910000 - 0x00007fff6a932000 	C:\Windows\System32\win32u.dll
0x00007fff4ab50000 - 0x00007fff4adea000 	C:\Windows\WinSxS\amd64_microsoft.windows.common-controls_6595b64144ccf1df_6.0.19041.1110_none_60b5254171f9507e\COMCTL32.dll
0x00007fff6c030000 - 0x00007fff6c05a000 	C:\Windows\System32\GDI32.dll
0x00007fff6a9b0000 - 0x00007fff6aabb000 	C:\Windows\System32\gdi32full.dll
0x00007fff6b000000 - 0x00007fff6b09d000 	C:\Windows\System32\msvcp_win.dll
0x00007fff65180000 - 0x00007fff6518a000 	C:\Windows\SYSTEM32\VERSION.dll
0x00007fff6b980000 - 0x00007fff6b9b0000 	C:\Windows\System32\IMM32.DLL
0x00007fff3d8b0000 - 0x00007fff3d94b000 	C:\Program Files\Java\jdk-11.0.15\bin\msvcp140.dll
0x00007fff358d0000 - 0x00007fff363e6000 	C:\Program Files\Java\jdk-11.0.15\bin\server\jvm.dll
0x00007fff6b5b0000 - 0x00007fff6b5b8000 	C:\Windows\System32\PSAPI.DLL
0x00007fff5b950000 - 0x00007fff5b959000 	C:\Windows\SYSTEM32\WSOCK32.dll
0x00007fff5dad0000 - 0x00007fff5daf7000 	C:\Windows\SYSTEM32\WINMM.dll
0x00007fff6ba60000 - 0x00007fff6bacb000 	C:\Windows\System32\WS2_32.dll
0x00007fff68830000 - 0x00007fff68842000 	C:\Windows\SYSTEM32\kernel.appcore.dll
0x00007fff5bfb0000 - 0x00007fff5bfc0000 	C:\Program Files\Java\jdk-11.0.15\bin\verify.dll
0x00007fff5b960000 - 0x00007fff5bb44000 	C:\Windows\SYSTEM32\DBGHELP.DLL
0x00007fff58a00000 - 0x00007fff58a2c000 	C:\Windows\SYSTEM32\dbgcore.DLL
0x00007fff6aac0000 - 0x00007fff6ab42000 	C:\Windows\System32\bcryptPrimitives.dll
0x00007fff42260000 - 0x00007fff42288000 	C:\Program Files\Java\jdk-11.0.15\bin\java.dll
0x00007fff55a70000 - 0x00007fff55a7a000 	C:\Program Files\Java\jdk-11.0.15\bin\jimage.dll
0x00007fff41dc0000 - 0x00007fff41dd6000 	C:\Program Files\Java\jdk-11.0.15\bin\zip.dll

dbghelp: loaded successfully - version: 4.0.5 - missing functions: none
symbol engine: initialized successfully - sym options: 0x614 - pdb path: .;C:\Program Files\Java\jdk-11.0.15\bin;C:\Windows\SYSTEM32;C:\Windows\WinSxS\amd64_microsoft.windows.common-controls_6595b64144ccf1df_6.0.19041.1110_none_60b5254171f9507e;C:\Program Files\Java\jdk-11.0.15\bin\server

VM Arguments:
jvm_args: -Dfile.encoding=UTF-8 --module-path=C:\oraclexe\app\oracle\product\11.2.0\server\jdbc\lib\ojdbc6.jar;C:\Dev\eclipse\lombok.jar 
java_command: exe.ExpApp
java_class_path (initial): C:\Dev\workspace\OneDay\bin
Launcher Type: SUN_STANDARD

[Global flags]
     intx CICompilerCount                          = 12                                        {product} {ergonomic}
     uint G1ConcRefinementThreads                  = 13                                        {product} {ergonomic}
   size_t G1HeapRegionSize                         = 1048576                                   {product} {ergonomic}
    uintx GCDrainStackTargetSize                   = 64                                        {product} {ergonomic}
   size_t InitialHeapSize                          = 264241152                                 {product} {ergonomic}
   size_t MaxHeapSize                              = 4198498304                                {product} {ergonomic}
   size_t MinHeapDeltaBytes                        = 1048576                                   {product} {ergonomic}
    uintx NonNMethodCodeHeapSize                   = 7594288                                {pd product} {ergonomic}
    uintx NonProfiledCodeHeapSize                  = 122031976                              {pd product} {ergonomic}
    uintx ProfiledCodeHeapSize                     = 122031976                              {pd product} {ergonomic}
    uintx ReservedCodeCacheSize                    = 251658240                              {pd product} {ergonomic}
     bool SegmentedCodeCache                       = true                                      {product} {ergonomic}
     bool UseCompressedClassPointers               = true                                 {lp64_product} {ergonomic}
     bool UseCompressedOops                        = true                                 {lp64_product} {ergonomic}
     bool UseG1GC                                  = true                                      {product} {ergonomic}
     bool UseLargePagesIndividualAllocation        = false                                  {pd product} {ergonomic}

Logging:
Log output configuration:
 #0: stdout all=warning uptime,level,tags
 #1: stderr all=off uptime,level,tags

Environment Variables:
PATH=C:\oraclexe\app\oracle\product\11.2.0\server\bin;;C:\Program Files\Common Files\Oracle\Java\javapath;C:\Windows\system32;C:\Windows;C:\Windows\System32\Wbem;C:\Windows\System32\WindowsPowerShell\v1.0\;C:\Windows\System32\OpenSSH\;C:\Program Files\Bandizip\;C:\Users\admin\AppData\Local\Microsoft\WindowsApps;
USERNAME=admin
OS=Windows_NT
PROCESSOR_IDENTIFIER=Intel64 Family 6 Model 165 Stepping 5, GenuineIntel



---------------  S Y S T E M  ---------------

OS: Windows 10 , 64 bit Build 19041 (10.0.19041.1806)

CPU:total 16 (initial active 16) (8 cores per cpu, 2 threads per core) family 6 model 165 stepping 5 microcode 0xca, cmov, cx8, fxsr, mmx, sse, sse2, sse3, ssse3, sse4.1, sse4.2, popcnt, avx, avx2, aes, clmul, erms, 3dnowpref, lzcnt, ht, tsc, tscinvbit, bmi1, bmi2, adx, fma

Memory: 4k page, system-wide physical 16013M (5400M free)
TotalPageFile size 44548M (AvailPageFile size 5M)
current process WorkingSet (physical memory assigned to process): 9M, peak: 9M
current process commit charge ("private bytes"): 13M, peak: 14M

vm_info: Java HotSpot(TM) 64-Bit Server VM (11.0.15+8-LTS-149) for windows-amd64 JRE (11.0.15+8-LTS-149), built on Mar  9 2022 22:42:32 by "mach5one" with MS VC++ 15.9 (VS2017)

END.
